c:\users\matt\documents\visual studio 2013\projects\new folder\nineball\nineball\nineball\release\nineball.pch
c:\users\matt\documents\visual studio 2013\projects\new folder\nineball\nineball\nineball\release\vc120.pdb
c:\users\matt\documents\visual studio 2013\projects\new folder\nineball\nineball\nineball\release\stdafx.obj
c:\users\matt\documents\visual studio 2013\projects\new folder\nineball\nineball\nineball\release\nineball.obj
c:\users\matt\documents\visual studio 2013\projects\new folder\nineball\nineball\nineball\release\menuform.obj
c:\users\matt\documents\visual studio 2013\projects\new folder\nineball\nineball\nineball\release\lastdisplayedname.obj
c:\users\matt\documents\visual studio 2013\projects\new folder\nineball\nineball\nineball\release\billiardball.obj
c:\users\matt\documents\visual studio 2013\projects\new folder\nineball\nineball\nineball\release\assemblyinfo.obj
c:\users\matt\documents\visual studio 2013\projects\new folder\nineball\nineball\nineball\release\aboutform.obj
c:\users\matt\documents\visual studio 2013\projects\new folder\nineball\nineball\nineball\release\.netframework,version=v4.5.assemblyattributes.obj
c:\users\matt\documents\visual studio 2013\projects\nineball\nineball\release\nineball.pch
c:\users\matt\documents\visual studio 2013\projects\nineball\nineball\release\vc120.pdb
c:\users\matt\documents\visual studio 2013\projects\nineball\nineball\release\stdafx.obj
c:\users\matt\documents\visual studio 2013\projects\nineball\nineball\release\nineball.obj
c:\users\matt\documents\visual studio 2013\projects\nineball\nineball\release\menuform.obj
c:\users\matt\documents\visual studio 2013\projects\nineball\nineball\release\lastdisplayedname.obj
c:\users\matt\documents\visual studio 2013\projects\nineball\nineball\release\billiardball.obj
c:\users\matt\documents\visual studio 2013\projects\nineball\nineball\release\assemblyinfo.obj
c:\users\matt\documents\visual studio 2013\projects\nineball\nineball\release\aboutform.obj
c:\users\matt\documents\visual studio 2013\projects\new folder\nineball\nineball\release\nineball.exe
c:\users\matt\documents\visual studio 2013\projects\new folder\nineball\nineball\release\nineball.pdb
c:\users\matt\documents\visual studio 2013\projects\nineball\release\nineball.exe
c:\users\matt\documents\visual studio 2013\projects\nineball\release\nineball.pdb
c:\users\matt\documents\visual studio 2013\projects\new folder\nineball\nineball\nineball\release\nineball.aboutform.resources
c:\users\matt\documents\visual studio 2013\projects\new folder\nineball\nineball\nineball\release\nineball.billiardball.resources
c:\users\matt\documents\visual studio 2013\projects\new folder\nineball\nineball\nineball\release\nineball.mainform.resources
c:\users\matt\documents\visual studio 2013\projects\new folder\nineball\nineball\nineball\release\nineball.menuform.resources
c:\users\matt\documents\visual studio 2013\projects\nineball\nineball\release\nineball.aboutform.resources
c:\users\matt\documents\visual studio 2013\projects\nineball\nineball\release\nineball.billiardball.resources
c:\users\matt\documents\visual studio 2013\projects\nineball\nineball\release\nineball.mainform.resources
c:\users\matt\documents\visual studio 2013\projects\nineball\nineball\release\nineball.menuform.resources
c:\users\matt\documents\visual studio 2013\projects\new folder\nineball\nineball\nineball\release\app.res
c:\users\matt\documents\visual studio 2013\projects\nineball\nineball\release\app.res
c:\users\matt\documents\visual studio 2013\projects\nineball\nineball\release\nineball.vcxproj.generateresource.cache
c:\users\matt\documents\visual studio 2013\projects\nineball\nineball\release\nineball.vcxprojresolveassemblyreference.cache
c:\users\matt\documents\visual studio 2013\projects\nineball\nineball\release\.netframework,version=v4.5.assemblyattributes.obj
c:\users\matt\documents\visual studio 2013\projects\nineball\nineball\release\nativecodeanalysis.read.1.tlog
c:\users\matt\documents\visual studio 2013\projects\nineball\nineball\release\.netframework,version=v4.5.assemblyattributes.nativecodeanalysis.xml
c:\users\matt\documents\visual studio 2013\projects\nineball\nineball\release\aboutform.nativecodeanalysis.xml
c:\users\matt\documents\visual studio 2013\projects\nineball\nineball\release\assemblyinfo.nativecodeanalysis.xml
c:\users\matt\documents\visual studio 2013\projects\nineball\nineball\release\billiardball.nativecodeanalysis.xml
c:\users\matt\documents\visual studio 2013\projects\nineball\nineball\release\lastdisplayedname.nativecodeanalysis.xml
c:\users\matt\documents\visual studio 2013\projects\nineball\nineball\release\menuform.nativecodeanalysis.xml
c:\users\matt\documents\visual studio 2013\projects\nineball\nineball\release\nineball.nativecodeanalysis.xml
c:\users\matt\documents\visual studio 2013\projects\nineball\nineball\release\stdafx.nativecodeanalysis.xml
c:\users\matt\documents\visual studio 2013\projects\nineball\nineball\release\vc.nativecodeanalysis.all.xml
c:\users\matt\documents\visual studio 2013\projects\nineball\release\nineball.exe.lastcodeanalysissucceeded
c:\users\matt\documents\visual studio 2013\projects\nineball\nineball\release\nineball.tlog\cl.command.1.tlog
c:\users\matt\documents\visual studio 2013\projects\nineball\nineball\release\nineball.tlog\cl.read.1.tlog
c:\users\matt\documents\visual studio 2013\projects\nineball\nineball\release\nineball.tlog\cl.write.1.tlog
c:\users\matt\documents\visual studio 2013\projects\nineball\nineball\release\nineball.tlog\link.command.1.tlog
c:\users\matt\documents\visual studio 2013\projects\nineball\nineball\release\nineball.tlog\link.read.1.tlog
c:\users\matt\documents\visual studio 2013\projects\nineball\nineball\release\nineball.tlog\link.write.1.tlog
c:\users\matt\documents\visual studio 2013\projects\nineball\nineball\release\nineball.tlog\metagen.read.1.tlog
c:\users\matt\documents\visual studio 2013\projects\nineball\nineball\release\nineball.tlog\metagen.write.1.tlog
c:\users\matt\documents\visual studio 2013\projects\nineball\nineball\release\nineball.tlog\nineball.write.1u.tlog
c:\users\matt\documents\visual studio 2013\projects\nineball\nineball\release\nineball.tlog\rc.command.1.tlog
c:\users\matt\documents\visual studio 2013\projects\nineball\nineball\release\nineball.tlog\rc.read.1.tlog
c:\users\matt\documents\visual studio 2013\projects\nineball\nineball\release\nineball.tlog\rc.write.1.tlog
c:\users\matt\documents\visual studio 2013\projects\nineball\nineball\release\nineball.tlog\msxml6r.dll.bi
c:\users\matt\documents\visual studio 2013\projects\nineball\nineball\release\nineball.tlog\tzres.dll.bi
